#
# There is insufficient memory for the Java Runtime Environment to continue.
# Native memory allocation (malloc) failed to allocate 1048576 bytes for AllocateHeap
# Possible reasons:
#   The system is out of physical RAM or swap space
#   The process is running with CompressedOops enabled, and the Java Heap may be blocking the growth of the native heap
# Possible solutions:
#   Reduce memory load on the system
#   Increase physical memory or swap space
#   Check if swap backing store is full
#   Decrease Java heap size (-Xmx/-Xms)
#   Decrease number of Java threads
#   Decrease Java thread stack sizes (-Xss)
#   Set larger code cache with -XX:ReservedCodeCacheSize=
#   JVM is running with Zero Based Compressed Oops mode in which the Java heap is
#     placed in the first 32GB address space. The Java Heap base address is the
#     maximum limit for the native heap growth. Please use -XX:HeapBaseMinAddress
#     to set the Java Heap base and to place the Java Heap above 32GB virtual address.
# This output file may be truncated or incomplete.
#
#  Out of Memory Error (memory/allocation.inline.hpp:61), pid=16284, tid=0x0000000000002ad4
#
# JRE version:  (8.0_202-b08) (build )
# Java VM: Java HotSpot(TM) 64-Bit Server VM (25.202-b08 mixed mode windows-amd64 compressed oops)
# Failed to write core dump. Minidumps are not enabled by default on client versions of Windows
#

---------------  T H R E A D  ---------------

Current thread (0x0000000002a5d800):  JavaThread "Unknown thread" [_thread_in_vm, id=10964, stack(0x0000000002a60000,0x0000000002b60000)]

Stack: [0x0000000002a60000,0x0000000002b60000]
[error occurred during error reporting (printing stack bounds), id 0xc0000005]

Native frames: (J=compiled Java code, j=interpreted, Vv=VM code, C=native code)


---------------  P R O C E S S  ---------------

Java Threads: ( => current thread )

Other Threads:

=>0x0000000002a5d800 (exited) JavaThread "Unknown thread" [_thread_in_vm, id=10964, stack(0x0000000002a60000,0x0000000002b60000)]

VM state:not at safepoint (normal execution)

VM Mutex/Monitor currently owned by a thread: None

heap address: 0x0000000703c00000, size: 3012 MB, Compressed Oops mode: Zero based, Oop shift amount: 3
Narrow klass base: 0x0000000000000000, Narrow klass shift: 3
Compressed class space size: 1073741824 Address: 0x00000007c0000000

Heap:
 PSYoungGen      total 56832K, used 983K [0x0000000781400000, 0x0000000785300000, 0x00000007c0000000)
  eden space 49152K, 2% used [0x0000000781400000,0x00000007814f5c38,0x0000000784400000)
  from space 7680K, 0% used [0x0000000784b80000,0x0000000784b80000,0x0000000785300000)
  to   space 7680K, 0% used [0x0000000784400000,0x0000000784400000,0x0000000784b80000)
 ParOldGen       total 130048K, used 0K [0x0000000703c00000, 0x000000070bb00000, 0x0000000781400000)
  object space 130048K, 0% used [0x0000000703c00000,0x0000000703c00000,0x000000070bb00000)
 Metaspace       used 775K, capacity 4480K, committed 4480K, reserved 1056768K
  class space    used 76K, capacity 384K, committed 384K, reserved 1048576K

Card table byte_map: [0x0000000012020000,0x0000000012610000] byte_map_base: 0x000000000e802000

Marking Bits: (ParMarkBitMap*) 0x00000000637f5ce0
 Begin Bits: [0x0000000012e00000, 0x0000000015d10000)
 End Bits:   [0x0000000015d10000, 0x0000000018c20000)

Polling page: 0x0000000001090000

CodeCache: size=245760Kb used=328Kb max_used=328Kb free=245431Kb
 bounds [0x0000000002c60000, 0x0000000002ed0000, 0x0000000011c60000]
 total_blobs=58 nmethods=0 adapters=38
 compilation: enabled

Compilation events (0 events):
No events

GC Heap History (0 events):
No events

Deoptimization events (0 events):
No events

Classes redefined (0 events):
No events

Internal exceptions (0 events):
No events

Events (10 events):
Event: 0.020 loading class java/lang/Short
Event: 0.020 loading class java/lang/Short done
Event: 0.020 loading class java/lang/Integer
Event: 0.020 loading class java/lang/Integer done
Event: 0.020 loading class java/lang/Long
Event: 0.020 loading class java/lang/Long done
Event: 0.020 loading class java/lang/NullPointerException
Event: 0.020 loading class java/lang/NullPointerException done
Event: 0.020 loading class java/lang/ArithmeticException
Event: 0.020 loading class java/lang/ArithmeticException done


Dynamic libraries:
0x00007ff6f02c0000 - 0x00007ff6f02f7000 	D:\Program Files\Java\jdk1.8.0_202\bin\java.exe
0x00007ff914a80000 - 0x00007ff914c89000 	C:\Windows\SYSTEM32\ntdll.dll
0x00007ff8e2010000 - 0x00007ff8e2027000 	C:\Program Files\Avast Software\Avast\aswhook.dll
0x00007ff913300000 - 0x00007ff9133bd000 	C:\Windows\System32\KERNEL32.DLL
0x00007ff9121e0000 - 0x00007ff91255c000 	C:\Windows\System32\KERNELBASE.dll
0x00007ff913470000 - 0x00007ff91351e000 	C:\Windows\System32\ADVAPI32.dll
0x00007ff914990000 - 0x00007ff914a33000 	C:\Windows\System32\msvcrt.dll
0x00007ff9137f0000 - 0x00007ff91388e000 	C:\Windows\System32\sechost.dll
0x00007ff9136d0000 - 0x00007ff9137f0000 	C:\Windows\System32\RPCRT4.dll
0x00007ff913520000 - 0x00007ff9136cd000 	C:\Windows\System32\USER32.dll
0x00007ff9120f0000 - 0x00007ff912116000 	C:\Windows\System32\win32u.dll
0x00007ff9142e0000 - 0x00007ff914309000 	C:\Windows\System32\GDI32.dll
0x00007ff912560000 - 0x00007ff912679000 	C:\Windows\System32\gdi32full.dll
0x00007ff911f60000 - 0x00007ff911ffd000 	C:\Windows\System32\msvcp_win.dll
0x00007ff9127f0000 - 0x00007ff912901000 	C:\Windows\System32\ucrtbase.dll
0x00007ff900310000 - 0x00007ff9005b5000 	C:\Windows\WinSxS\amd64_microsoft.windows.common-controls_6595b64144ccf1df_6.0.22000.120_none_9d947278b86cc467\COMCTL32.dll
0x00007ff914800000 - 0x00007ff914831000 	C:\Windows\System32\IMM32.DLL
0x0000000062ef0000 - 0x0000000062fc2000 	D:\Program Files\Java\jdk1.8.0_202\jre\bin\msvcr100.dll
0x0000000062fd0000 - 0x0000000063875000 	D:\Program Files\Java\jdk1.8.0_202\jre\bin\server\jvm.dll
0x00007ff913890000 - 0x00007ff913898000 	C:\Windows\System32\PSAPI.DLL
0x00007ff905c90000 - 0x00007ff905c99000 	C:\Windows\SYSTEM32\WSOCK32.dll
0x00007ff90d190000 - 0x00007ff90d1c3000 	C:\Windows\SYSTEM32\WINMM.dll
0x00007ff914920000 - 0x00007ff91498f000 	C:\Windows\System32\WS2_32.dll
0x00007ff90cf00000 - 0x00007ff90cf0a000 	C:\Windows\SYSTEM32\VERSION.dll
0x00007ff90d9f0000 - 0x00007ff90d9ff000 	D:\Program Files\Java\jdk1.8.0_202\jre\bin\verify.dll
0x00007ff90d940000 - 0x00007ff90d969000 	D:\Program Files\Java\jdk1.8.0_202\jre\bin\java.dll
0x00007ff90d290000 - 0x00007ff90d2a6000 	D:\Program Files\Java\jdk1.8.0_202\jre\bin\zip.dll

VM Arguments:
jvm_args: -Dfile.encoding=UTF-8 
java_command: hotel.management.project.AddCustomer
java_class_path (initial): C:\Users\dell\Downloads\mysql-connector-java-8.0.28\mysql-connector-java-8.0.28.jar;C:\Users\dell\Downloads\rs2xml\rs2xml.jar;C:\Users\dell\Downloads\itextpdf-5.4.0.jar;C:\Users\dell\Documents\NetBeansProjects\Hotel Management Project\build\classes
Launcher Type: SUN_STANDARD

Environment Variables:
JAVA_HOME=D:\Program Files\Java\jdk1.8.0_202
PATH=C:\Program Files (x86)\NVIDIA Corporation\PhysX\Common;C:\Windows\system32;C:\Windows;C:\Windows\System32\Wbem;C:\Windows\System32\WindowsPowerShell\v1.0\;C:\Windows\System32\OpenSSH\;D:\Program Files\Java\jdk1.8.0_202\bin;C:\Program Files\MySQL\MySQL Shell 8.0\bin\;C:\Users\dell\AppData\Local\Programs\Python\Python310\Scripts\;C:\Users\dell\AppData\Local\Programs\Python\Python310\;C:\Users\dell\AppData\Local\Microsoft\WindowsApps;D:\Microsoft VS Code\bin;C:\Program Files\ffmpeg\bin;
USERNAME=dell
OS=Windows_NT
PROCESSOR_IDENTIFIER=Intel64 Family 6 Model 142 Stepping 12, GenuineIntel



---------------  S Y S T E M  ---------------

OS: Windows 10.0 , 64 bit Build 22000 (10.0.22000.708)

CPU:total 4 (initial active 4) (2 cores per cpu, 2 threads per core) family 6 model 142 stepping 12, cmov, cx8, fxsr, mmx, sse, sse2, sse3, ssse3, sse4.1, sse4.2, popcnt, avx, avx2, aes, clmul, erms, 3dnowpref, lzcnt, ht, tsc, tscinvbit, bmi1, bmi2, adx

Memory: 4k page, physical 12334792k(2561824k free), swap 27961924k(5892k free)

vm_info: Java HotSpot(TM) 64-Bit Server VM (25.202-b08) for windows-amd64 JRE (1.8.0_202-b08), built on Dec 15 2018 19:54:30 by "java_re" with MS VC++ 10.0 (VS2010)

time: Thu Sep 15 21:29:06 2022
timezone: India Standard Time
elapsed time: 0 seconds (0d 0h 0m 0s)

