#
# There is insufficient memory for the Java Runtime Environment to continue.
# Native memory allocation (malloc) failed to allocate 1048576 bytes for AllocateHeap
# Possible reasons:
#   The system is out of physical RAM or swap space
#   The process is running with CompressedOops enabled, and the Java Heap may be blocking the growth of the native heap
# Possible solutions:
#   Reduce memory load on the system
#   Increase physical memory or swap space
#   Check if swap backing store is full
#   Decrease Java heap size (-Xmx/-Xms)
#   Decrease number of Java threads
#   Decrease Java thread stack sizes (-Xss)
#   Set larger code cache with -XX:ReservedCodeCacheSize=
#   JVM is running with Zero Based Compressed Oops mode in which the Java heap is
#     placed in the first 32GB address space. The Java Heap base address is the
#     maximum limit for the native heap growth. Please use -XX:HeapBaseMinAddress
#     to set the Java Heap base and to place the Java Heap above 32GB virtual address.
# This output file may be truncated or incomplete.
#
#  Out of Memory Error (memory/allocation.inline.hpp:61), pid=13264, tid=0x0000000000005134
#
# JRE version:  (8.0_202-b08) (build )
# Java VM: Java HotSpot(TM) 64-Bit Server VM (25.202-b08 mixed mode windows-amd64 compressed oops)
# Failed to write core dump. Minidumps are not enabled by default on client versions of Windows
#

---------------  T H R E A D  ---------------

Current thread (0x00000000028ed800):  JavaThread "Unknown thread" [_thread_in_vm, id=20788, stack(0x00000000027a0000,0x00000000028a0000)]

Stack: [0x00000000027a0000,0x00000000028a0000]
[error occurred during error reporting (printing stack bounds), id 0xc0000005]

Native frames: (J=compiled Java code, j=interpreted, Vv=VM code, C=native code)


---------------  P R O C E S S  ---------------

Java Threads: ( => current thread )

Other Threads:

=>0x00000000028ed800 (exited) JavaThread "Unknown thread" [_thread_in_vm, id=20788, stack(0x00000000027a0000,0x00000000028a0000)]

VM state:not at safepoint (normal execution)

VM Mutex/Monitor currently owned by a thread: None

heap address: 0x0000000703c00000, size: 3012 MB, Compressed Oops mode: Zero based, Oop shift amount: 3
Narrow klass base: 0x0000000000000000, Narrow klass shift: 3
Compressed class space size: 1073741824 Address: 0x00000007c0000000

Heap:
 PSYoungGen      total 56832K, used 983K [0x0000000781400000, 0x0000000785300000, 0x00000007c0000000)
  eden space 49152K, 2% used [0x0000000781400000,0x00000007814f5c38,0x0000000784400000)
  from space 7680K, 0% used [0x0000000784b80000,0x0000000784b80000,0x0000000785300000)
  to   space 7680K, 0% used [0x0000000784400000,0x0000000784400000,0x0000000784b80000)
 ParOldGen       total 130048K, used 0K [0x0000000703c00000, 0x000000070bb00000, 0x0000000781400000)
  object space 130048K, 0% used [0x0000000703c00000,0x0000000703c00000,0x000000070bb00000)
 Metaspace       used 775K, capacity 4480K, committed 4480K, reserved 1056768K
  class space    used 76K, capacity 384K, committed 384K, reserved 1048576K

Card table byte_map: [0x0000000011df0000,0x00000000123e0000] byte_map_base: 0x000000000e5d2000

Marking Bits: (ParMarkBitMap*) 0x0000000076c05ce0
 Begin Bits: [0x0000000012bd0000, 0x0000000015ae0000)
 End Bits:   [0x0000000015ae0000, 0x00000000189f0000)

Polling page: 0x0000000000f80000

CodeCache: size=245760Kb used=328Kb max_used=328Kb free=245431Kb
 bounds [0x0000000002a30000, 0x0000000002ca0000, 0x0000000011a30000]
 total_blobs=58 nmethods=0 adapters=38
 compilation: enabled

Compilation events (0 events):
No events

GC Heap History (0 events):
No events

Deoptimization events (0 events):
No events

Classes redefined (0 events):
No events

Internal exceptions (0 events):
No events

Events (10 events):
Event: 0.090 loading class java/lang/Short
Event: 0.090 loading class java/lang/Short done
Event: 0.090 loading class java/lang/Integer
Event: 0.090 loading class java/lang/Integer done
Event: 0.090 loading class java/lang/Long
Event: 0.090 loading class java/lang/Long done
Event: 0.091 loading class java/lang/NullPointerException
Event: 0.091 loading class java/lang/NullPointerException done
Event: 0.091 loading class java/lang/ArithmeticException
Event: 0.091 loading class java/lang/ArithmeticException done


Dynamic libraries:
0x00007ff7383f0000 - 0x00007ff738427000 	D:\Program Files\Java\jdk1.8.0_202\bin\java.exe
0x00007ff8030e0000 - 0x00007ff8032e9000 	C:\Windows\SYSTEM32\ntdll.dll
0x00007fffd3810000 - 0x00007fffd3826000 	C:\Program Files\Avast Software\Avast\aswhook.dll
0x00007ff802540000 - 0x00007ff8025fd000 	C:\Windows\System32\KERNEL32.DLL
0x00007ff8005d0000 - 0x00007ff800949000 	C:\Windows\System32\KERNELBASE.dll
0x00007ff8022f0000 - 0x00007ff80239e000 	C:\Windows\System32\ADVAPI32.dll
0x00007ff802fd0000 - 0x00007ff803073000 	C:\Windows\System32\msvcrt.dll
0x00007ff802950000 - 0x00007ff8029ee000 	C:\Windows\System32\sechost.dll
0x00007ff802790000 - 0x00007ff8028b0000 	C:\Windows\System32\RPCRT4.dll
0x00007ff801ca0000 - 0x00007ff801e4c000 	C:\Windows\System32\USER32.dll
0x00007ff800d90000 - 0x00007ff800db6000 	C:\Windows\System32\win32u.dll
0x00007ff800f80000 - 0x00007ff800fa9000 	C:\Windows\System32\GDI32.dll
0x00007ff800dc0000 - 0x00007ff800ed2000 	C:\Windows\System32\gdi32full.dll
0x00007ff800ee0000 - 0x00007ff800f7d000 	C:\Windows\System32\msvcp_win.dll
0x00007ff800b00000 - 0x00007ff800c11000 	C:\Windows\System32\ucrtbase.dll
0x00007fffec710000 - 0x00007fffec9b5000 	C:\Windows\WinSxS\amd64_microsoft.windows.common-controls_6595b64144ccf1df_6.0.22000.120_none_9d947278b86cc467\COMCTL32.dll
0x00007ff8028b0000 - 0x00007ff8028e1000 	C:\Windows\System32\IMM32.DLL
0x0000000076300000 - 0x00000000763d2000 	D:\Program Files\Java\jdk1.8.0_202\jre\bin\msvcr100.dll
0x00000000763e0000 - 0x0000000076c85000 	D:\Program Files\Java\jdk1.8.0_202\jre\bin\server\jvm.dll
0x00007ff802fc0000 - 0x00007ff802fc8000 	C:\Windows\System32\PSAPI.DLL
0x00007ffffd620000 - 0x00007ffffd653000 	C:\Windows\SYSTEM32\WINMM.dll
0x00007fffe9a00000 - 0x00007fffe9a09000 	C:\Windows\SYSTEM32\WSOCK32.dll
0x00007ff802f50000 - 0x00007ff802fbf000 	C:\Windows\System32\WS2_32.dll
0x00007ffff3710000 - 0x00007ffff371a000 	C:\Windows\SYSTEM32\VERSION.dll
0x00007ffffd6e0000 - 0x00007ffffd6ef000 	D:\Program Files\Java\jdk1.8.0_202\jre\bin\verify.dll
0x00007ffff87a0000 - 0x00007ffff87c9000 	D:\Program Files\Java\jdk1.8.0_202\jre\bin\java.dll
0x00007ffffbfc0000 - 0x00007ffffbfd6000 	D:\Program Files\Java\jdk1.8.0_202\jre\bin\zip.dll

VM Arguments:
jvm_args: -Dfile.encoding=UTF-8 
java_command: hotel.management.project.Checkout
java_class_path (initial): C:\Users\dell\Downloads\mysql-connector-java-8.0.28\mysql-connector-java-8.0.28.jar;C:\Users\dell\Downloads\rs2xml\rs2xml.jar;C:\Users\dell\Downloads\itextpdf-5.4.0.jar;C:\Users\dell\Documents\NetBeansProjects\Hotel Management Project\build\classes
Launcher Type: SUN_STANDARD

Environment Variables:
JAVA_HOME=D:\Program Files\Java\jdk1.8.0_202
PATH=C:\Program Files (x86)\NVIDIA Corporation\PhysX\Common;C:\Windows\system32;C:\Windows;C:\Windows\System32\Wbem;C:\Windows\System32\WindowsPowerShell\v1.0\;C:\Windows\System32\OpenSSH\;D:\Program Files\Java\jdk1.8.0_202\bin;C:\Program Files\MySQL\MySQL Shell 8.0\bin\;C:\Users\dell\AppData\Local\Programs\Python\Python310\Scripts\;C:\Users\dell\AppData\Local\Programs\Python\Python310\;C:\Users\dell\AppData\Local\Microsoft\WindowsApps;;D:\Microsoft VS Code\bin
USERNAME=dell
OS=Windows_NT
PROCESSOR_IDENTIFIER=Intel64 Family 6 Model 142 Stepping 12, GenuineIntel



---------------  S Y S T E M  ---------------

OS: Windows 10.0 , 64 bit Build 22000 (10.0.22000.675)

CPU:total 4 (initial active 4) (2 cores per cpu, 2 threads per core) family 6 model 142 stepping 12, cmov, cx8, fxsr, mmx, sse, sse2, sse3, ssse3, sse4.1, sse4.2, popcnt, avx, avx2, aes, clmul, erms, 3dnowpref, lzcnt, ht, tsc, tscinvbit, bmi1, bmi2, adx

Memory: 4k page, physical 12334792k(2135908k free), swap 27961924k(5364k free)

vm_info: Java HotSpot(TM) 64-Bit Server VM (25.202-b08) for windows-amd64 JRE (1.8.0_202-b08), built on Dec 15 2018 19:54:30 by "java_re" with MS VC++ 10.0 (VS2010)

time: Fri Jun 10 13:11:26 2022
timezone: Pacific Daylight Time
elapsed time: 0 seconds (0d 0h 0m 0s)

